Using pre-set license
Built from '2020.2/staging' branch; Version is '2020.2.7f1 (c53830e277f1) revision 12924976'; Using compiler version '192528614'; Build Type 'Release'
OS: 'Windows 10 Pro; OS build 19042.630; Version 2009; 64bit' Language: 'pl' Physical Memory: 16304 MB
BatchMode: 1, IsHumanControllingUs: 0, StartBugReporterOnCrash: 0, Is64bit: 1, IsPro: 0

 COMMAND LINE ARGUMENTS:
C:\Program Files\Unity\Hub\Editor\2020.2.7f1\Editor\Unity.exe
-adb2
-batchMode
-noUpm
-name
AssetImportWorker0
-projectPath
C:/Users/walhlak/Documents/GitHub/first-game/first-game
-logFile
Logs/AssetImportWorker0.log
-srvPort
62452
Successfully changed project path to: C:/Users/walhlak/Documents/GitHub/first-game/first-game
C:/Users/walhlak/Documents/GitHub/first-game/first-game
Using Asset Import Pipeline V2.
Refreshing native plugins compatible for Editor in 20.82 ms, found 0 plugins.
Preloading 0 native plugins for Editor in 0.00 ms.
Initialize engine version: 2020.2.7f1 (c53830e277f1)
[Subsystems] Discovering subsystems at path C:/Program Files/Unity/Hub/Editor/2020.2.7f1/Editor/Data/Resources/UnitySubsystems
[Subsystems] Discovering subsystems at path C:/Users/walhlak/Documents/GitHub/first-game/first-game/Assets
GfxDevice: creating device client; threaded=0
Direct3D:
    Version:  Direct3D 11.0 [level 11.1]
    Renderer: NVIDIA GeForce RTX 3070 (ID=0x2484)
    Vendor:   
    VRAM:     8043 MB
    Driver:   27.21.14.6172
Initialize mono
Mono path[0] = 'C:/Program Files/Unity/Hub/Editor/2020.2.7f1/Editor/Data/Managed'
Mono path[1] = 'C:/Program Files/Unity/Hub/Editor/2020.2.7f1/Editor/Data/MonoBleedingEdge/lib/mono/unityjit'
Mono config path = 'C:/Program Files/Unity/Hub/Editor/2020.2.7f1/Editor/Data/MonoBleedingEdge/etc'
Using monoOptions --debugger-agent=transport=dt_socket,embedding=1,server=y,suspend=n,address=127.0.0.1:56168
Begin MonoManager ReloadAssembly
Registering precompiled unity dll's ...
Register platform support module: C:/Program Files/Unity/Hub/Editor/2020.2.7f1/Editor/Data/PlaybackEngines/WindowsStandaloneSupport/UnityEditor.WindowsStandalone.Extensions.dll
Registered in 0.001522 seconds.
Native extension for WindowsStandalone target not found
Refreshing native plugins compatible for Editor in 20.68 ms, found 0 plugins.
Preloading 0 native plugins for Editor in 0.00 ms.
Invoked RoslynAnalysisRunner static constructor.
RoslynAnalysisRunner will not be running.
RoslynAnalysisRunner has terminated.
Mono: successfully reloaded assembly
- Completed reload, in  0.789 seconds
Platform modules already initialized, skipping
Registering precompiled user dll's ...
Registered in 0.000514 seconds.
Begin MonoManager ReloadAssembly
Native extension for WindowsStandalone target not found
Refreshing native plugins compatible for Editor in 0.16 ms, found 0 plugins.
Preloading 0 native plugins for Editor in 0.00 ms.
Invoked RoslynAnalysisRunner static constructor.
RoslynAnalysisRunner will not be running.
RoslynAnalysisRunner has terminated.
Mono: successfully reloaded assembly
- Completed reload, in  0.739 seconds
Platform modules already initialized, skipping
========================================================================
Worker process is ready to serve import requests
Launched and connected shader compiler UnityShaderCompiler.exe after 0.03 seconds
Refreshing native plugins compatible for Editor in 0.16 ms, found 0 plugins.
Preloading 0 native plugins for Editor in 0.00 ms.
Unloading 1113 Unused Serialized files (Serialized files now loaded: 0)
System memory in use before: 56.9 MB.
System memory in use after: 56.9 MB.

Unloading 10 unused Assets to reduce memory usage. Loaded Objects now: 1555.
Total: 1.452700 ms (FindLiveObjects: 0.180300 ms CreateObjectMapping: 0.064300 ms MarkObjects: 1.144900 ms  DeleteObjects: 0.062100 ms)

========================================================================
Received Import Request.
  path: Assets/Scenes/SampleScene.unity
  artifactKey: Guid(9fc0d4010bbf28b4594072e72b8655ab) Importer(815301076,1909f56bfc062723c751e8b465ee728b)
Start importing Assets/Scenes/SampleScene.unity using Guid(9fc0d4010bbf28b4594072e72b8655ab) Importer(815301076,1909f56bfc062723c751e8b465ee728b)  -> (artifact id: '14a047cd4173f2b4d1a37deac2670f84') in 0.012724 seconds
  Import took 0.014327 seconds .

========================================================================
Received Import Request.
  Time since last request: 11.637851 seconds.
  path: Assets/Scenes/menu.unity
  artifactKey: Guid(9fc0d4010bbf28b4594072e72b8655ab) Importer(815301076,1909f56bfc062723c751e8b465ee728b)
Start importing Assets/Scenes/menu.unity using Guid(9fc0d4010bbf28b4594072e72b8655ab) Importer(815301076,1909f56bfc062723c751e8b465ee728b)  -> (artifact id: '614e73d40edfc40fdd58c6f4a9345542') in 0.005939 seconds
  Import took 0.007477 seconds .

========================================================================
Received Import Request.
  Time since last request: 140.574031 seconds.
  path: Assets
  artifactKey: Guid(00000000000000001000000000000000) Importer(815301076,1909f56bfc062723c751e8b465ee728b)
Start importing Assets using Guid(00000000000000001000000000000000) Importer(815301076,1909f56bfc062723c751e8b465ee728b)  -> (artifact id: 'f89434ac489deb914593f829e0a47671') in 0.006123 seconds
  Import took 0.007915 seconds .

========================================================================
Received Import Request.
  Time since last request: 0.729386 seconds.
  path: Assets/Scenes
  artifactKey: Guid(9751ef6f85425da459454d79f80232fd) Importer(815301076,1909f56bfc062723c751e8b465ee728b)
Start importing Assets/Scenes using Guid(9751ef6f85425da459454d79f80232fd) Importer(815301076,1909f56bfc062723c751e8b465ee728b)  -> (artifact id: 'b476179ec022f2176789ed4721bdf4ec') in 0.005805 seconds
  Import took 0.007314 seconds .

========================================================================
Received Import Request.
  Time since last request: 6.270209 seconds.
  path: Assets/image
  artifactKey: Guid(48bbe02e829bb0c45b73024881dd45c0) Importer(815301076,1909f56bfc062723c751e8b465ee728b)
Start importing Assets/image using Guid(48bbe02e829bb0c45b73024881dd45c0) Importer(815301076,1909f56bfc062723c751e8b465ee728b)  -> (artifact id: '2d328abb33281fa17e69d94cad95e2a2') in 0.005542 seconds
  Import took 0.007139 seconds .

========================================================================
Received Import Request.
  Time since last request: 13.913653 seconds.
  path: Assets/scripts
  artifactKey: Guid(26c49a65de3cc5e4ea0937fba5610325) Importer(815301076,1909f56bfc062723c751e8b465ee728b)
Start importing Assets/scripts using Guid(26c49a65de3cc5e4ea0937fba5610325) Importer(815301076,1909f56bfc062723c751e8b465ee728b)  -> (artifact id: '0d6958ad1b1c17452c92d805f0d6e0d3') in 0.005469 seconds
  Import took 0.006989 seconds .

========================================================================
Received Import Request.
  Time since last request: 59.365370 seconds.
  path: Assets/Scenes/game.unity
  artifactKey: Guid(2577b92935cb44741a7294dffb5d8c6a) Importer(815301076,1909f56bfc062723c751e8b465ee728b)
Start importing Assets/Scenes/game.unity using Guid(2577b92935cb44741a7294dffb5d8c6a) Importer(815301076,1909f56bfc062723c751e8b465ee728b)  -> (artifact id: 'b772b60757df61938e4b12ec17abf14e') in 0.005850 seconds
  Import took 0.007334 seconds .

========================================================================
Received Import Request.
  Time since last request: 20.412666 seconds.
  path: Assets/Scenes/menu.unity
  artifactKey: Guid(9fc0d4010bbf28b4594072e72b8655ab) Importer(815301076,1909f56bfc062723c751e8b465ee728b)
Start importing Assets/Scenes/menu.unity using Guid(9fc0d4010bbf28b4594072e72b8655ab) Importer(815301076,1909f56bfc062723c751e8b465ee728b)  -> (artifact id: '464a3a19ab15c2cb0c6e7d290ef62672') in 0.002067 seconds
  Import took 0.003660 seconds .

========================================================================
Received Prepare
Registering precompiled user dll's ...
Registered in 0.000549 seconds.
Begin MonoManager ReloadAssembly
Native extension for WindowsStandalone target not found
Refreshing native plugins compatible for Editor in 0.18 ms, found 0 plugins.
Preloading 0 native plugins for Editor in 0.00 ms.
Invoked RoslynAnalysisRunner static constructor.
RoslynAnalysisRunner will not be running.
RoslynAnalysisRunner has terminated.
Mono: successfully reloaded assembly
- Completed reload, in  0.804 seconds
Platform modules already initialized, skipping
Refreshing native plugins compatible for Editor in 0.18 ms, found 0 plugins.
Preloading 0 native plugins for Editor in 0.00 ms.
Unloading 1108 Unused Serialized files (Serialized files now loaded: 0)
System memory in use before: 56.8 MB.
System memory in use after: 56.9 MB.

Unloading 5 unused Assets to reduce memory usage. Loaded Objects now: 1558.
Total: 1.470500 ms (FindLiveObjects: 0.205400 ms CreateObjectMapping: 0.054100 ms MarkObjects: 1.167900 ms  DeleteObjects: 0.042200 ms)

========================================================================
Received Import Request.
  Time since last request: 64.021850 seconds.
  path: Assets/scripts/__Scripts.cs
  artifactKey: Guid(9b1fb709ffe6fa84b81f69f95ed088b9) Importer(815301076,1909f56bfc062723c751e8b465ee728b)
Start importing Assets/scripts/__Scripts.cs using Guid(9b1fb709ffe6fa84b81f69f95ed088b9) Importer(815301076,1909f56bfc062723c751e8b465ee728b)  -> (artifact id: '32e66068ef2ad74eac0353c7e56b4c16') in 0.028803 seconds
  Import took 0.030379 seconds .

========================================================================
Received Prepare
Registering precompiled user dll's ...
Registered in 0.000482 seconds.
Begin MonoManager ReloadAssembly
Native extension for WindowsStandalone target not found
Refreshing native plugins compatible for Editor in 0.16 ms, found 0 plugins.
Preloading 0 native plugins for Editor in 0.00 ms.
Invoked RoslynAnalysisRunner static constructor.
RoslynAnalysisRunner will not be running.
RoslynAnalysisRunner has terminated.
Mono: successfully reloaded assembly
- Completed reload, in  0.668 seconds
Platform modules already initialized, skipping
Refreshing native plugins compatible for Editor in 0.18 ms, found 0 plugins.
Preloading 0 native plugins for Editor in 0.00 ms.
Unloading 1109 Unused Serialized files (Serialized files now loaded: 0)
System memory in use before: 56.9 MB.
System memory in use after: 57.0 MB.

Unloading 5 unused Assets to reduce memory usage. Loaded Objects now: 1562.
Total: 1.372700 ms (FindLiveObjects: 0.117300 ms CreateObjectMapping: 0.030500 ms MarkObjects: 1.182500 ms  DeleteObjects: 0.041100 ms)

========================================================================
Received Prepare
Registering precompiled user dll's ...
Registered in 0.000505 seconds.
Begin MonoManager ReloadAssembly
Native extension for WindowsStandalone target not found
Refreshing native plugins compatible for Editor in 0.17 ms, found 0 plugins.
Preloading 0 native plugins for Editor in 0.00 ms.
Invoked RoslynAnalysisRunner static constructor.
RoslynAnalysisRunner will not be running.
RoslynAnalysisRunner has terminated.
Mono: successfully reloaded assembly
- Completed reload, in  0.684 seconds
Platform modules already initialized, skipping
Refreshing native plugins compatible for Editor in 0.16 ms, found 0 plugins.
Preloading 0 native plugins for Editor in 0.00 ms.
Unloading 1108 Unused Serialized files (Serialized files now loaded: 0)
System memory in use before: 56.9 MB.
System memory in use after: 57.0 MB.

Unloading 6 unused Assets to reduce memory usage. Loaded Objects now: 1564.
Total: 1.317800 ms (FindLiveObjects: 0.182200 ms CreateObjectMapping: 0.046500 ms MarkObjects: 1.047400 ms  DeleteObjects: 0.040400 ms)

========================================================================
Received Import Request.
  Time since last request: 36.679240 seconds.
  path: Assets/scripts/Menu.cs
  artifactKey: Guid(175b5918876b79541805c714103cce38) Importer(815301076,1909f56bfc062723c751e8b465ee728b)
Start importing Assets/scripts/Menu.cs using Guid(175b5918876b79541805c714103cce38) Importer(815301076,1909f56bfc062723c751e8b465ee728b)  -> (artifact id: '7372cde3ba5140d679374a6441002ac3') in 0.007448 seconds
  Import took 0.009186 seconds .

========================================================================
Received Prepare
Registering precompiled user dll's ...
Registered in 0.000544 seconds.
Begin MonoManager ReloadAssembly
Native extension for WindowsStandalone target not found
Refreshing native plugins compatible for Editor in 0.16 ms, found 0 plugins.
Preloading 0 native plugins for Editor in 0.00 ms.
Invoked RoslynAnalysisRunner static constructor.
RoslynAnalysisRunner will not be running.
RoslynAnalysisRunner has terminated.
Mono: successfully reloaded assembly
- Completed reload, in  0.674 seconds
Platform modules already initialized, skipping
Refreshing native plugins compatible for Editor in 0.17 ms, found 0 plugins.
Preloading 0 native plugins for Editor in 0.00 ms.
Unloading 1109 Unused Serialized files (Serialized files now loaded: 0)
System memory in use before: 56.9 MB.
System memory in use after: 57.0 MB.

Unloading 5 unused Assets to reduce memory usage. Loaded Objects now: 1568.
Total: 1.348200 ms (FindLiveObjects: 0.160100 ms CreateObjectMapping: 0.049600 ms MarkObjects: 1.096300 ms  DeleteObjects: 0.041100 ms)

========================================================================
Received Prepare
Registering precompiled user dll's ...
Registered in 0.000491 seconds.
Begin MonoManager ReloadAssembly
Native extension for WindowsStandalone target not found
Refreshing native plugins compatible for Editor in 0.18 ms, found 0 plugins.
Preloading 0 native plugins for Editor in 0.00 ms.
Invoked RoslynAnalysisRunner static constructor.
RoslynAnalysisRunner will not be running.
RoslynAnalysisRunner has terminated.
Mono: successfully reloaded assembly
- Completed reload, in  0.742 seconds
Platform modules already initialized, skipping
Refreshing native plugins compatible for Editor in 0.18 ms, found 0 plugins.
Preloading 0 native plugins for Editor in 0.00 ms.
Unloading 1109 Unused Serialized files (Serialized files now loaded: 0)
System memory in use before: 56.9 MB.
System memory in use after: 57.0 MB.

Unloading 5 unused Assets to reduce memory usage. Loaded Objects now: 1571.
Total: 1.251800 ms (FindLiveObjects: 0.112500 ms CreateObjectMapping: 0.031400 ms MarkObjects: 1.071000 ms  DeleteObjects: 0.036200 ms)

========================================================================
Received Import Request.
  Time since last request: 319.590339 seconds.
  path: Assets/scripts/Menu.cs
  artifactKey: Guid(175b5918876b79541805c714103cce38) Importer(815301076,1909f56bfc062723c751e8b465ee728b)
Start importing Assets/scripts/Menu.cs using Guid(175b5918876b79541805c714103cce38) Importer(815301076,1909f56bfc062723c751e8b465ee728b)  -> (artifact id: 'e046c2bf2daa96960febf6d2905102c6') in 0.007060 seconds
  Import took 0.008957 seconds .

========================================================================
Received Prepare
Registering precompiled user dll's ...
Registered in 0.000816 seconds.
Begin MonoManager ReloadAssembly
Native extension for WindowsStandalone target not found
Refreshing native plugins compatible for Editor in 0.18 ms, found 0 plugins.
Preloading 0 native plugins for Editor in 0.00 ms.
Invoked RoslynAnalysisRunner static constructor.
RoslynAnalysisRunner will not be running.
RoslynAnalysisRunner has terminated.
Mono: successfully reloaded assembly
- Completed reload, in  0.722 seconds
Platform modules already initialized, skipping
Refreshing native plugins compatible for Editor in 0.18 ms, found 0 plugins.
Preloading 0 native plugins for Editor in 0.00 ms.
Unloading 1109 Unused Serialized files (Serialized files now loaded: 0)
System memory in use before: 57.0 MB.
System memory in use after: 57.0 MB.

Unloading 5 unused Assets to reduce memory usage. Loaded Objects now: 1574.
Total: 1.245400 ms (FindLiveObjects: 0.108300 ms CreateObjectMapping: 0.028400 ms MarkObjects: 1.069600 ms  DeleteObjects: 0.038300 ms)

========================================================================
Received Import Request.
  Time since last request: 46.936254 seconds.
  path: Assets/scripts/Menu.cs
  artifactKey: Guid(175b5918876b79541805c714103cce38) Importer(815301076,1909f56bfc062723c751e8b465ee728b)
Start importing Assets/scripts/Menu.cs using Guid(175b5918876b79541805c714103cce38) Importer(815301076,1909f56bfc062723c751e8b465ee728b)  -> (artifact id: 'bdaaca70f74192edf4dd771e4372279d') in 0.003325 seconds
  Import took 0.004804 seconds .

========================================================================
Received Import Request.
  Time since last request: 125.694217 seconds.
  path: Assets/Scenes/menu.unity
  artifactKey: Guid(9fc0d4010bbf28b4594072e72b8655ab) Importer(815301076,1909f56bfc062723c751e8b465ee728b)
Start importing Assets/Scenes/menu.unity using Guid(9fc0d4010bbf28b4594072e72b8655ab) Importer(815301076,1909f56bfc062723c751e8b465ee728b)  -> (artifact id: 'a0d66ddb122d56a87aa19c6e6845c386') in 0.007516 seconds
  Import took 0.009249 seconds .

========================================================================
Received Import Request.
  Time since last request: 0.004854 seconds.
  path: Assets/Scenes/menu.unity
  artifactKey: Guid(9fc0d4010bbf28b4594072e72b8655ab) Importer(815301076,1909f56bfc062723c751e8b465ee728b)
Start importing Assets/Scenes/menu.unity using Guid(9fc0d4010bbf28b4594072e72b8655ab) Importer(815301076,1909f56bfc062723c751e8b465ee728b)  -> (artifact id: 'a0d66ddb122d56a87aa19c6e6845c386') in 0.002669 seconds
  Import took 0.004421 seconds .

========================================================================
Received Prepare
Registering precompiled user dll's ...
Registered in 0.000519 seconds.
Begin MonoManager ReloadAssembly
Native extension for WindowsStandalone target not found
Refreshing native plugins compatible for Editor in 0.18 ms, found 0 plugins.
Preloading 0 native plugins for Editor in 0.00 ms.
Invoked RoslynAnalysisRunner static constructor.
RoslynAnalysisRunner will not be running.
RoslynAnalysisRunner has terminated.
Mono: successfully reloaded assembly
- Completed reload, in  0.716 seconds
Platform modules already initialized, skipping
Refreshing native plugins compatible for Editor in 0.21 ms, found 0 plugins.
Preloading 0 native plugins for Editor in 0.00 ms.
Unloading 1109 Unused Serialized files (Serialized files now loaded: 0)
System memory in use before: 57.0 MB.
System memory in use after: 57.1 MB.

Unloading 5 unused Assets to reduce memory usage. Loaded Objects now: 1577.
Total: 1.460900 ms (FindLiveObjects: 0.142100 ms CreateObjectMapping: 0.034200 ms MarkObjects: 1.243600 ms  DeleteObjects: 0.040000 ms)

AssetImportWorkerClient::OnTransportError - code=2 error=End of file
