Using pre-set license
Built from '2020.2/staging' branch; Version is '2020.2.7f1 (c53830e277f1) revision 12924976'; Using compiler version '192528614'; Build Type 'Release'
OS: 'Windows 10 Pro; OS build 19042.630; Version 2009; 64bit' Language: 'pl' Physical Memory: 16304 MB
BatchMode: 1, IsHumanControllingUs: 0, StartBugReporterOnCrash: 0, Is64bit: 1, IsPro: 0

 COMMAND LINE ARGUMENTS:
C:\Program Files\Unity\Hub\Editor\2020.2.7f1\Editor\Unity.exe
-adb2
-batchMode
-noUpm
-name
AssetImportWorker0
-projectPath
C:/Users/walhlak/Documents/GitHub/first-game/first-game
-logFile
Logs/AssetImportWorker0.log
-srvPort
63182
Successfully changed project path to: C:/Users/walhlak/Documents/GitHub/first-game/first-game
C:/Users/walhlak/Documents/GitHub/first-game/first-game
Using Asset Import Pipeline V2.
Refreshing native plugins compatible for Editor in 25.62 ms, found 0 plugins.
Preloading 0 native plugins for Editor in 0.00 ms.
Initialize engine version: 2020.2.7f1 (c53830e277f1)
[Subsystems] Discovering subsystems at path C:/Program Files/Unity/Hub/Editor/2020.2.7f1/Editor/Data/Resources/UnitySubsystems
[Subsystems] Discovering subsystems at path C:/Users/walhlak/Documents/GitHub/first-game/first-game/Assets
GfxDevice: creating device client; threaded=0
Direct3D:
    Version:  Direct3D 11.0 [level 11.1]
    Renderer: NVIDIA GeForce RTX 3070 (ID=0x2484)
    Vendor:   
    VRAM:     8043 MB
    Driver:   27.21.14.6172
Initialize mono
Mono path[0] = 'C:/Program Files/Unity/Hub/Editor/2020.2.7f1/Editor/Data/Managed'
Mono path[1] = 'C:/Program Files/Unity/Hub/Editor/2020.2.7f1/Editor/Data/MonoBleedingEdge/lib/mono/unityjit'
Mono config path = 'C:/Program Files/Unity/Hub/Editor/2020.2.7f1/Editor/Data/MonoBleedingEdge/etc'
Using monoOptions --debugger-agent=transport=dt_socket,embedding=1,server=y,suspend=n,address=127.0.0.1:56732
Begin MonoManager ReloadAssembly
Registering precompiled unity dll's ...
Register platform support module: C:/Program Files/Unity/Hub/Editor/2020.2.7f1/Editor/Data/PlaybackEngines/WindowsStandaloneSupport/UnityEditor.WindowsStandalone.Extensions.dll
Registered in 0.001661 seconds.
Native extension for WindowsStandalone target not found
Refreshing native plugins compatible for Editor in 24.09 ms, found 0 plugins.
Preloading 0 native plugins for Editor in 0.00 ms.
Invoked RoslynAnalysisRunner static constructor.
RoslynAnalysisRunner will not be running.
RoslynAnalysisRunner has terminated.
Mono: successfully reloaded assembly
- Completed reload, in  0.909 seconds
Platform modules already initialized, skipping
Registering precompiled user dll's ...
Registered in 0.000826 seconds.
Begin MonoManager ReloadAssembly
Native extension for WindowsStandalone target not found
Refreshing native plugins compatible for Editor in 0.17 ms, found 0 plugins.
Preloading 0 native plugins for Editor in 0.00 ms.
Invoked RoslynAnalysisRunner static constructor.
RoslynAnalysisRunner will not be running.
RoslynAnalysisRunner has terminated.
Mono: successfully reloaded assembly
- Completed reload, in  0.813 seconds
Platform modules already initialized, skipping
========================================================================
Worker process is ready to serve import requests
Launched and connected shader compiler UnityShaderCompiler.exe after 0.03 seconds
Refreshing native plugins compatible for Editor in 0.28 ms, found 0 plugins.
Preloading 0 native plugins for Editor in 0.00 ms.
Unloading 1114 Unused Serialized files (Serialized files now loaded: 0)
System memory in use before: 57.0 MB.
System memory in use after: 57.1 MB.

Unloading 10 unused Assets to reduce memory usage. Loaded Objects now: 1557.
Total: 1.678400 ms (FindLiveObjects: 0.118800 ms CreateObjectMapping: 0.034200 ms MarkObjects: 1.464400 ms  DeleteObjects: 0.060300 ms)

========================================================================
Received Import Request.
  path: Assets/Scenes/game.unity
  artifactKey: Guid(2577b92935cb44741a7294dffb5d8c6a) Importer(815301076,1909f56bfc062723c751e8b465ee728b)
Start importing Assets/Scenes/game.unity using Guid(2577b92935cb44741a7294dffb5d8c6a) Importer(815301076,1909f56bfc062723c751e8b465ee728b)  -> (artifact id: '83ed6079494cb51b905e5ee13231b8f5') in 0.008969 seconds
  Import took 0.010703 seconds .

========================================================================
Received Prepare
Refreshing native plugins compatible for Editor in 0.90 ms, found 0 plugins.
Preloading 0 native plugins for Editor in 0.00 ms.
Unloading 3 Unused Serialized files (Serialized files now loaded: 0)
System memory in use before: 34.9 MB.
System memory in use after: 35.0 MB.

Unloading 3 unused Assets to reduce memory usage. Loaded Objects now: 1557.
Total: 1.495200 ms (FindLiveObjects: 0.127900 ms CreateObjectMapping: 0.029300 ms MarkObjects: 1.300000 ms  DeleteObjects: 0.037100 ms)

========================================================================
Received Import Request.
  Time since last request: 194.714772 seconds.
  path: Assets/scripts/Menu.cs
  artifactKey: Guid(175b5918876b79541805c714103cce38) Importer(815301076,1909f56bfc062723c751e8b465ee728b)
Start importing Assets/scripts/Menu.cs using Guid(175b5918876b79541805c714103cce38) Importer(815301076,1909f56bfc062723c751e8b465ee728b)  -> (artifact id: '604c229add831997e1aa514eb50cdb4c') in 0.017221 seconds
  Import took 0.019184 seconds .

========================================================================
Received Import Request.
  Time since last request: 5.127152 seconds.
  path: Assets/scripts/Menu.cs
  artifactKey: Guid(175b5918876b79541805c714103cce38) Importer(815301076,1909f56bfc062723c751e8b465ee728b)
Start importing Assets/scripts/Menu.cs using Guid(175b5918876b79541805c714103cce38) Importer(815301076,1909f56bfc062723c751e8b465ee728b)  -> (artifact id: 'bfd0edf34256ede06cfefd9d3b5c2224') in 0.002165 seconds
  Import took 0.004184 seconds .

========================================================================
Received Import Request.
  Time since last request: 4.833723 seconds.
  path: Assets/scripts/Menu.cs
  artifactKey: Guid(175b5918876b79541805c714103cce38) Importer(815301076,1909f56bfc062723c751e8b465ee728b)
Start importing Assets/scripts/Menu.cs using Guid(175b5918876b79541805c714103cce38) Importer(815301076,1909f56bfc062723c751e8b465ee728b)  -> (artifact id: 'babcf8f860a2b720663eda9203a38b64') in 0.002456 seconds
  Import took 0.004214 seconds .

========================================================================
Received Import Request.
  Time since last request: 6.195948 seconds.
  path: Assets/scripts/Menu.cs
  artifactKey: Guid(175b5918876b79541805c714103cce38) Importer(815301076,1909f56bfc062723c751e8b465ee728b)
Start importing Assets/scripts/Menu.cs using Guid(175b5918876b79541805c714103cce38) Importer(815301076,1909f56bfc062723c751e8b465ee728b)  -> (artifact id: '1b820c6159abc1be53ccf267dbd52792') in 0.002318 seconds
  Import took 0.004028 seconds .

========================================================================
Received Import Request.
  Time since last request: 47.385900 seconds.
  path: Assets/scripts/Menu.cs
  artifactKey: Guid(175b5918876b79541805c714103cce38) Importer(815301076,1909f56bfc062723c751e8b465ee728b)
Start importing Assets/scripts/Menu.cs using Guid(175b5918876b79541805c714103cce38) Importer(815301076,1909f56bfc062723c751e8b465ee728b)  -> (artifact id: '7542060daa34c17e5243a56b4fd78957') in 0.002454 seconds
  Import took 0.004049 seconds .

========================================================================
Received Import Request.
  Time since last request: 1.022532 seconds.
  path: Assets/scripts/Menu.cs
  artifactKey: Guid(175b5918876b79541805c714103cce38) Importer(815301076,1909f56bfc062723c751e8b465ee728b)
Start importing Assets/scripts/Menu.cs using Guid(175b5918876b79541805c714103cce38) Importer(815301076,1909f56bfc062723c751e8b465ee728b)  -> (artifact id: '9ceb22700b0fc3ff490b514eb9d59c2a') in 0.002467 seconds
  Import took 0.004537 seconds .

========================================================================
Received Prepare
Registering precompiled user dll's ...
Registered in 0.000503 seconds.
Begin MonoManager ReloadAssembly
Native extension for WindowsStandalone target not found
Refreshing native plugins compatible for Editor in 0.16 ms, found 0 plugins.
Preloading 0 native plugins for Editor in 0.00 ms.
Invoked RoslynAnalysisRunner static constructor.
RoslynAnalysisRunner will not be running.
RoslynAnalysisRunner has terminated.
Mono: successfully reloaded assembly
- Completed reload, in  0.717 seconds
Platform modules already initialized, skipping
Refreshing native plugins compatible for Editor in 0.17 ms, found 0 plugins.
Preloading 0 native plugins for Editor in 0.00 ms.
Unloading 1109 Unused Serialized files (Serialized files now loaded: 0)
System memory in use before: 57.0 MB.
System memory in use after: 57.1 MB.

Unloading 5 unused Assets to reduce memory usage. Loaded Objects now: 1560.
Total: 1.248500 ms (FindLiveObjects: 0.116600 ms CreateObjectMapping: 0.032400 ms MarkObjects: 1.057400 ms  DeleteObjects: 0.041300 ms)

========================================================================
Received Prepare
Registering precompiled user dll's ...
Registered in 0.000804 seconds.
Begin MonoManager ReloadAssembly
Native extension for WindowsStandalone target not found
Refreshing native plugins compatible for Editor in 0.17 ms, found 0 plugins.
Preloading 0 native plugins for Editor in 0.00 ms.
Invoked RoslynAnalysisRunner static constructor.
RoslynAnalysisRunner will not be running.
RoslynAnalysisRunner has terminated.
Mono: successfully reloaded assembly
- Completed reload, in  0.759 seconds
Platform modules already initialized, skipping
Refreshing native plugins compatible for Editor in 0.16 ms, found 0 plugins.
Preloading 0 native plugins for Editor in 0.00 ms.
Unloading 1109 Unused Serialized files (Serialized files now loaded: 0)
System memory in use before: 57.0 MB.
System memory in use after: 57.1 MB.

Unloading 5 unused Assets to reduce memory usage. Loaded Objects now: 1563.
Total: 1.276300 ms (FindLiveObjects: 0.165100 ms CreateObjectMapping: 0.027200 ms MarkObjects: 1.044800 ms  DeleteObjects: 0.037900 ms)

========================================================================
Received Import Request.
  Time since last request: 198.335329 seconds.
  path: Assets/scripts/Menu.cs
  artifactKey: Guid(175b5918876b79541805c714103cce38) Importer(815301076,1909f56bfc062723c751e8b465ee728b)
Start importing Assets/scripts/Menu.cs using Guid(175b5918876b79541805c714103cce38) Importer(815301076,1909f56bfc062723c751e8b465ee728b)  -> (artifact id: 'f1896279b1c51ae8204340a80eaf5b44') in 0.005740 seconds
  Import took 0.007257 seconds .

========================================================================
Received Import Request.
  Time since last request: 1.518065 seconds.
  path: Assets/scripts/Menu.cs
  artifactKey: Guid(175b5918876b79541805c714103cce38) Importer(815301076,1909f56bfc062723c751e8b465ee728b)
Start importing Assets/scripts/Menu.cs using Guid(175b5918876b79541805c714103cce38) Importer(815301076,1909f56bfc062723c751e8b465ee728b)  -> (artifact id: 'f1896279b1c51ae8204340a80eaf5b44') in 0.002222 seconds
  Import took 0.003749 seconds .

========================================================================
Received Prepare
Registering precompiled user dll's ...
Registered in 0.000508 seconds.
Begin MonoManager ReloadAssembly
Native extension for WindowsStandalone target not found
Refreshing native plugins compatible for Editor in 0.18 ms, found 0 plugins.
Preloading 0 native plugins for Editor in 0.00 ms.
Invoked RoslynAnalysisRunner static constructor.
RoslynAnalysisRunner will not be running.
RoslynAnalysisRunner has terminated.
Mono: successfully reloaded assembly
- Completed reload, in  0.699 seconds
Platform modules already initialized, skipping
Refreshing native plugins compatible for Editor in 0.18 ms, found 0 plugins.
Preloading 0 native plugins for Editor in 0.00 ms.
Unloading 1109 Unused Serialized files (Serialized files now loaded: 0)
System memory in use before: 57.0 MB.
System memory in use after: 57.1 MB.

Unloading 5 unused Assets to reduce memory usage. Loaded Objects now: 1566.
Total: 1.304500 ms (FindLiveObjects: 0.119000 ms CreateObjectMapping: 0.035600 ms MarkObjects: 1.109600 ms  DeleteObjects: 0.039300 ms)

========================================================================
Received Prepare
Registering precompiled user dll's ...
Registered in 0.000988 seconds.
Begin MonoManager ReloadAssembly
Native extension for WindowsStandalone target not found
Refreshing native plugins compatible for Editor in 0.16 ms, found 0 plugins.
Preloading 0 native plugins for Editor in 0.00 ms.
Invoked RoslynAnalysisRunner static constructor.
RoslynAnalysisRunner will not be running.
RoslynAnalysisRunner has terminated.
Mono: successfully reloaded assembly
- Completed reload, in  0.669 seconds
Platform modules already initialized, skipping
Refreshing native plugins compatible for Editor in 0.17 ms, found 0 plugins.
Preloading 0 native plugins for Editor in 0.00 ms.
Unloading 1109 Unused Serialized files (Serialized files now loaded: 0)
System memory in use before: 57.0 MB.
System memory in use after: 57.1 MB.

Unloading 5 unused Assets to reduce memory usage. Loaded Objects now: 1569.
Total: 1.272600 ms (FindLiveObjects: 0.114200 ms CreateObjectMapping: 0.034900 ms MarkObjects: 1.083700 ms  DeleteObjects: 0.039100 ms)

AssetImportWorkerClient::OnTransportError - code=2 error=End of file
